[ea5db2c2] 2026-01-22 17:51:58 | ERROR    | app.core.exceptions.handler:45 | ValueError: the greenlet library is required to use this function. No module named 'greenlet'
Traceback (most recent call last):
  File "/Users/mj/workspace/playground/language-agent/backend/app/base/usecase/crud.py", line 38, in execute
    return await self.service.get_multi(session, offset=offset, limit=limit, order_by=order_by, where=where)
  File "/Users/mj/workspace/playground/language-agent/backend/app/base/services/basic.py", line 55, in get_multi
    return await self.repo.get_multi(
  File "/Users/mj/workspace/playground/language-agent/backend/app/base/repos/base.py", line 146, in get_multi
    total_count_result = await session.execute(count_stmt)
  File "/Users/mj/workspace/playground/language-agent/.venv/lib/python3.13/site-packages/sqlalchemy/ext/asyncio/session.py", line 449, in execute
    result = await greenlet_spawn(
  File "/Users/mj/workspace/playground/language-agent/.venv/lib/python3.13/site-packages/sqlalchemy/util/concurrency.py", line 101, in greenlet_spawn
    _not_implemented()
  File "/Users/mj/workspace/playground/language-agent/.venv/lib/python3.13/site-packages/sqlalchemy/util/concurrency.py", line 81, in _not_implemented
    raise ValueError(
ValueError: the greenlet library is required to use this function. No module named 'greenlet'

During handling of the above exception, another exception occurred:

Traceback (most recent call last):
  File "/Users/mj/workspace/playground/language-agent/backend/app/core/transaction.py", line 49, in __aexit__
    await self._session.rollback()
  File "/Users/mj/workspace/playground/language-agent/.venv/lib/python3.13/site-packages/sqlalchemy/ext/asyncio/session.py", line 990, in rollback
    await greenlet_spawn(self.sync_session.rollback)
  File "/Users/mj/workspace/playground/language-agent/.venv/lib/python3.13/site-packages/sqlalchemy/util/concurrency.py", line 101, in greenlet_spawn
    _not_implemented()
  File "/Users/mj/workspace/playground/language-agent/.venv/lib/python3.13/site-packages/sqlalchemy/util/concurrency.py", line 81, in _not_implemented
    raise ValueError(
ValueError: the greenlet library is required to use this function. No module named 'greenlet'

During handling of the above exception, another exception occurred:

Traceback (most recent call last):
  File "/Users/mj/workspace/playground/language-agent/.venv/lib/python3.13/site-packages/starlette/_exception_handler.py", line 42, in wrapped_app
    await app(scope, receive, sender)
  File "/Users/mj/workspace/playground/language-agent/.venv/lib/python3.13/site-packages/fastapi/routing.py", line 101, in app
    response = await f(request)
  File "/Users/mj/workspace/playground/language-agent/.venv/lib/python3.13/site-packages/fastapi/routing.py", line 355, in app
    raw_response = await run_endpoint_function(
  File "/Users/mj/workspace/playground/language-agent/.venv/lib/python3.13/site-packages/fastapi/routing.py", line 243, in run_endpoint_function
    return await dependant.call(**values)
  File "/Users/mj/workspace/playground/language-agent/backend/app/features/user_profile/api/v1.py", line 26, in get_user_profiles
    return await use_case.execute(offset=offset, limit=limit)
  File "/Users/mj/workspace/playground/language-agent/backend/app/base/usecase/crud.py", line 37, in execute
    async with AsyncTransaction() as session:
  File "/Users/mj/workspace/playground/language-agent/backend/app/core/transaction.py", line 51, in __aexit__
    await self._session.close()
  File "/Users/mj/workspace/playground/language-agent/.venv/lib/python3.13/site-packages/sqlalchemy/ext/asyncio/session.py", line 1016, in close
    await greenlet_spawn(self.sync_session.close)
  File "/Users/mj/workspace/playground/language-agent/.venv/lib/python3.13/site-packages/sqlalchemy/util/concurrency.py", line 101, in greenlet_spawn
    _not_implemented()
  File "/Users/mj/workspace/playground/language-agent/.venv/lib/python3.13/site-packages/sqlalchemy/util/concurrency.py", line 81, in _not_implemented
    raise ValueError(
ValueError: the greenlet library is required to use this function. No module named 'greenlet'
[ffd2c298] 2026-01-22 17:55:34 | ERROR    | app.core.exceptions.handler:55 | Unknown Error: (sqlite3.OperationalError) no such table: user_profile
[SQL: SELECT count(*) AS count_1 
FROM user_profile]
(Background on this error at: https://sqlalche.me/e/20/e3q8)
Traceback (most recent call last):
  File "/Users/mj/workspace/playground/language-agent/.venv/lib/python3.13/site-packages/sqlalchemy/engine/base.py", line 1967, in _exec_single_context
    self.dialect.do_execute(
  File "/Users/mj/workspace/playground/language-agent/.venv/lib/python3.13/site-packages/sqlalchemy/engine/default.py", line 952, in do_execute
    cursor.execute(statement, parameters)
  File "/Users/mj/workspace/playground/language-agent/.venv/lib/python3.13/site-packages/sqlalchemy/dialects/sqlite/aiosqlite.py", line 182, in execute
    self._adapt_connection._handle_exception(error)
  File "/Users/mj/workspace/playground/language-agent/.venv/lib/python3.13/site-packages/sqlalchemy/dialects/sqlite/aiosqlite.py", line 342, in _handle_exception
    raise error
  File "/Users/mj/workspace/playground/language-agent/.venv/lib/python3.13/site-packages/sqlalchemy/dialects/sqlite/aiosqlite.py", line 164, in execute
    self.await_(_cursor.execute(operation, parameters))
  File "/Users/mj/workspace/playground/language-agent/.venv/lib/python3.13/site-packages/sqlalchemy/util/_concurrency_py3k.py", line 132, in await_only
    return current.parent.switch(awaitable)  # type: ignore[no-any-return,attr-defined] # noqa: E501
  File "/Users/mj/workspace/playground/language-agent/.venv/lib/python3.13/site-packages/sqlalchemy/util/_concurrency_py3k.py", line 196, in greenlet_spawn
    value = await result
  File "/Users/mj/workspace/playground/language-agent/.venv/lib/python3.13/site-packages/aiosqlite/cursor.py", line 40, in execute
    await self._execute(self._cursor.execute, sql, parameters)
  File "/Users/mj/workspace/playground/language-agent/.venv/lib/python3.13/site-packages/aiosqlite/cursor.py", line 32, in _execute
    return await self._conn._execute(fn, *args, **kwargs)
  File "/Users/mj/workspace/playground/language-agent/.venv/lib/python3.13/site-packages/aiosqlite/core.py", line 160, in _execute
    return await future
  File "/Users/mj/workspace/playground/language-agent/.venv/lib/python3.13/site-packages/aiosqlite/core.py", line 63, in _connection_worker_thread
    result = function()
sqlite3.OperationalError: no such table: user_profile

The above exception was the direct cause of the following exception:

Traceback (most recent call last):
  File "/Users/mj/workspace/playground/language-agent/.venv/lib/python3.13/site-packages/starlette/middleware/errors.py", line 164, in __call__
    await self.app(scope, receive, _send)
  File "/Users/mj/workspace/playground/language-agent/.venv/lib/python3.13/site-packages/starlette/middleware/cors.py", line 85, in __call__
    await self.app(scope, receive, send)
  File "/Users/mj/workspace/playground/language-agent/.venv/lib/python3.13/site-packages/starlette/middleware/base.py", line 191, in __call__
    with recv_stream, send_stream, collapse_excgroups():
  File "/Library/Frameworks/Python.framework/Versions/3.13/lib/python3.13/contextlib.py", line 162, in __exit__
    self.gen.throw(value)
  File "/Users/mj/workspace/playground/language-agent/.venv/lib/python3.13/site-packages/starlette/_utils.py", line 85, in collapse_excgroups
    raise exc
  File "/Users/mj/workspace/playground/language-agent/.venv/lib/python3.13/site-packages/starlette/middleware/base.py", line 193, in __call__
    response = await self.dispatch_func(request, call_next)
  File "/Users/mj/workspace/playground/language-agent/backend/app/core/middlewares/request_id_middleware.py", line 28, in dispatch
    response = await call_next(request)
  File "/Users/mj/workspace/playground/language-agent/.venv/lib/python3.13/site-packages/starlette/middleware/base.py", line 168, in call_next
    raise app_exc from app_exc.__cause__ or app_exc.__context__
  File "/Users/mj/workspace/playground/language-agent/.venv/lib/python3.13/site-packages/starlette/middleware/base.py", line 144, in coro
    await self.app(scope, receive_or_disconnect, send_no_error)
  File "/Users/mj/workspace/playground/language-agent/.venv/lib/python3.13/site-packages/starlette/middleware/exceptions.py", line 63, in __call__
    await wrap_app_handling_exceptions(self.app, conn)(scope, receive, send)
  File "/Users/mj/workspace/playground/language-agent/.venv/lib/python3.13/site-packages/starlette/_exception_handler.py", line 53, in wrapped_app
    raise exc
  File "/Users/mj/workspace/playground/language-agent/.venv/lib/python3.13/site-packages/starlette/_exception_handler.py", line 42, in wrapped_app
    await app(scope, receive, sender)
  File "/Users/mj/workspace/playground/language-agent/.venv/lib/python3.13/site-packages/fastapi/middleware/asyncexitstack.py", line 18, in __call__
    await self.app(scope, receive, send)
  File "/Users/mj/workspace/playground/language-agent/.venv/lib/python3.13/site-packages/starlette/routing.py", line 716, in __call__
    await self.middleware_stack(scope, receive, send)
  File "/Users/mj/workspace/playground/language-agent/.venv/lib/python3.13/site-packages/starlette/routing.py", line 736, in app
    await route.handle(scope, receive, send)
  File "/Users/mj/workspace/playground/language-agent/.venv/lib/python3.13/site-packages/starlette/routing.py", line 290, in handle
    await self.app(scope, receive, send)
  File "/Users/mj/workspace/playground/language-agent/.venv/lib/python3.13/site-packages/fastapi/routing.py", line 115, in app
    await wrap_app_handling_exceptions(app, request)(scope, receive, send)
  File "/Users/mj/workspace/playground/language-agent/.venv/lib/python3.13/site-packages/starlette/_exception_handler.py", line 53, in wrapped_app
    raise exc
  File "/Users/mj/workspace/playground/language-agent/.venv/lib/python3.13/site-packages/starlette/_exception_handler.py", line 42, in wrapped_app
    await app(scope, receive, sender)
  File "/Users/mj/workspace/playground/language-agent/.venv/lib/python3.13/site-packages/fastapi/routing.py", line 101, in app
    response = await f(request)
  File "/Users/mj/workspace/playground/language-agent/.venv/lib/python3.13/site-packages/fastapi/routing.py", line 355, in app
    raw_response = await run_endpoint_function(
  File "/Users/mj/workspace/playground/language-agent/.venv/lib/python3.13/site-packages/fastapi/routing.py", line 243, in run_endpoint_function
    return await dependant.call(**values)
  File "/Users/mj/workspace/playground/language-agent/backend/app/features/user_profile/api/v1.py", line 26, in get_user_profiles
    return await use_case.execute(offset=offset, limit=limit)
  File "/Users/mj/workspace/playground/language-agent/backend/app/base/usecase/crud.py", line 38, in execute
    return await self.service.get_multi(session, offset=offset, limit=limit, order_by=order_by, where=where)
  File "/Users/mj/workspace/playground/language-agent/backend/app/base/services/basic.py", line 55, in get_multi
    return await self.repo.get_multi(
  File "/Users/mj/workspace/playground/language-agent/backend/app/base/repos/base.py", line 146, in get_multi
    total_count_result = await session.execute(count_stmt)
  File "/Users/mj/workspace/playground/language-agent/.venv/lib/python3.13/site-packages/sqlalchemy/ext/asyncio/session.py", line 449, in execute
    result = await greenlet_spawn(
  File "/Users/mj/workspace/playground/language-agent/.venv/lib/python3.13/site-packages/sqlalchemy/util/_concurrency_py3k.py", line 201, in greenlet_spawn
    result = context.throw(*sys.exc_info())
  File "/Users/mj/workspace/playground/language-agent/.venv/lib/python3.13/site-packages/sqlalchemy/orm/session.py", line 2351, in execute
    return self._execute_internal(
  File "/Users/mj/workspace/playground/language-agent/.venv/lib/python3.13/site-packages/sqlalchemy/orm/session.py", line 2249, in _execute_internal
    result: Result[Any] = compile_state_cls.orm_execute_statement(
  File "/Users/mj/workspace/playground/language-agent/.venv/lib/python3.13/site-packages/sqlalchemy/orm/context.py", line 306, in orm_execute_statement
    result = conn.execute(
  File "/Users/mj/workspace/playground/language-agent/.venv/lib/python3.13/site-packages/sqlalchemy/engine/base.py", line 1419, in execute
    return meth(
  File "/Users/mj/workspace/playground/language-agent/.venv/lib/python3.13/site-packages/sqlalchemy/sql/elements.py", line 527, in _execute_on_connection
    return connection._execute_clauseelement(
  File "/Users/mj/workspace/playground/language-agent/.venv/lib/python3.13/site-packages/sqlalchemy/engine/base.py", line 1641, in _execute_clauseelement
    ret = self._execute_context(
  File "/Users/mj/workspace/playground/language-agent/.venv/lib/python3.13/site-packages/sqlalchemy/engine/base.py", line 1846, in _execute_context
    return self._exec_single_context(
  File "/Users/mj/workspace/playground/language-agent/.venv/lib/python3.13/site-packages/sqlalchemy/engine/base.py", line 1986, in _exec_single_context
    self._handle_dbapi_exception(
  File "/Users/mj/workspace/playground/language-agent/.venv/lib/python3.13/site-packages/sqlalchemy/engine/base.py", line 2363, in _handle_dbapi_exception
    raise sqlalchemy_exception.with_traceback(exc_info[2]) from e
  File "/Users/mj/workspace/playground/language-agent/.venv/lib/python3.13/site-packages/sqlalchemy/engine/base.py", line 1967, in _exec_single_context
    self.dialect.do_execute(
  File "/Users/mj/workspace/playground/language-agent/.venv/lib/python3.13/site-packages/sqlalchemy/engine/default.py", line 952, in do_execute
    cursor.execute(statement, parameters)
  File "/Users/mj/workspace/playground/language-agent/.venv/lib/python3.13/site-packages/sqlalchemy/dialects/sqlite/aiosqlite.py", line 182, in execute
    self._adapt_connection._handle_exception(error)
  File "/Users/mj/workspace/playground/language-agent/.venv/lib/python3.13/site-packages/sqlalchemy/dialects/sqlite/aiosqlite.py", line 342, in _handle_exception
    raise error
  File "/Users/mj/workspace/playground/language-agent/.venv/lib/python3.13/site-packages/sqlalchemy/dialects/sqlite/aiosqlite.py", line 164, in execute
    self.await_(_cursor.execute(operation, parameters))
  File "/Users/mj/workspace/playground/language-agent/.venv/lib/python3.13/site-packages/sqlalchemy/util/_concurrency_py3k.py", line 132, in await_only
    return current.parent.switch(awaitable)  # type: ignore[no-any-return,attr-defined] # noqa: E501
  File "/Users/mj/workspace/playground/language-agent/.venv/lib/python3.13/site-packages/sqlalchemy/util/_concurrency_py3k.py", line 196, in greenlet_spawn
    value = await result
  File "/Users/mj/workspace/playground/language-agent/.venv/lib/python3.13/site-packages/aiosqlite/cursor.py", line 40, in execute
    await self._execute(self._cursor.execute, sql, parameters)
  File "/Users/mj/workspace/playground/language-agent/.venv/lib/python3.13/site-packages/aiosqlite/cursor.py", line 32, in _execute
    return await self._conn._execute(fn, *args, **kwargs)
  File "/Users/mj/workspace/playground/language-agent/.venv/lib/python3.13/site-packages/aiosqlite/core.py", line 160, in _execute
    return await future
  File "/Users/mj/workspace/playground/language-agent/.venv/lib/python3.13/site-packages/aiosqlite/core.py", line 63, in _connection_worker_thread
    result = function()
sqlalchemy.exc.OperationalError: (sqlite3.OperationalError) no such table: user_profile
[SQL: SELECT count(*) AS count_1 
FROM user_profile]
(Background on this error at: https://sqlalche.me/e/20/e3q8)
[c35771b1] 2026-01-22 17:55:35 | ERROR    | app.core.exceptions.handler:55 | Unknown Error: (sqlite3.OperationalError) no such table: user_profile
[SQL: SELECT count(*) AS count_1 
FROM user_profile]
(Background on this error at: https://sqlalche.me/e/20/e3q8)
Traceback (most recent call last):
  File "/Users/mj/workspace/playground/language-agent/.venv/lib/python3.13/site-packages/sqlalchemy/engine/base.py", line 1967, in _exec_single_context
    self.dialect.do_execute(
  File "/Users/mj/workspace/playground/language-agent/.venv/lib/python3.13/site-packages/sqlalchemy/engine/default.py", line 952, in do_execute
    cursor.execute(statement, parameters)
  File "/Users/mj/workspace/playground/language-agent/.venv/lib/python3.13/site-packages/sqlalchemy/dialects/sqlite/aiosqlite.py", line 182, in execute
    self._adapt_connection._handle_exception(error)
  File "/Users/mj/workspace/playground/language-agent/.venv/lib/python3.13/site-packages/sqlalchemy/dialects/sqlite/aiosqlite.py", line 342, in _handle_exception
    raise error
  File "/Users/mj/workspace/playground/language-agent/.venv/lib/python3.13/site-packages/sqlalchemy/dialects/sqlite/aiosqlite.py", line 164, in execute
    self.await_(_cursor.execute(operation, parameters))
  File "/Users/mj/workspace/playground/language-agent/.venv/lib/python3.13/site-packages/sqlalchemy/util/_concurrency_py3k.py", line 132, in await_only
    return current.parent.switch(awaitable)  # type: ignore[no-any-return,attr-defined] # noqa: E501
  File "/Users/mj/workspace/playground/language-agent/.venv/lib/python3.13/site-packages/sqlalchemy/util/_concurrency_py3k.py", line 196, in greenlet_spawn
    value = await result
  File "/Users/mj/workspace/playground/language-agent/.venv/lib/python3.13/site-packages/aiosqlite/cursor.py", line 40, in execute
    await self._execute(self._cursor.execute, sql, parameters)
  File "/Users/mj/workspace/playground/language-agent/.venv/lib/python3.13/site-packages/aiosqlite/cursor.py", line 32, in _execute
    return await self._conn._execute(fn, *args, **kwargs)
  File "/Users/mj/workspace/playground/language-agent/.venv/lib/python3.13/site-packages/aiosqlite/core.py", line 160, in _execute
    return await future
  File "/Users/mj/workspace/playground/language-agent/.venv/lib/python3.13/site-packages/aiosqlite/core.py", line 63, in _connection_worker_thread
    result = function()
sqlite3.OperationalError: no such table: user_profile

The above exception was the direct cause of the following exception:

Traceback (most recent call last):
  File "/Users/mj/workspace/playground/language-agent/.venv/lib/python3.13/site-packages/starlette/middleware/errors.py", line 164, in __call__
    await self.app(scope, receive, _send)
  File "/Users/mj/workspace/playground/language-agent/.venv/lib/python3.13/site-packages/starlette/middleware/cors.py", line 85, in __call__
    await self.app(scope, receive, send)
  File "/Users/mj/workspace/playground/language-agent/.venv/lib/python3.13/site-packages/starlette/middleware/base.py", line 191, in __call__
    with recv_stream, send_stream, collapse_excgroups():
  File "/Library/Frameworks/Python.framework/Versions/3.13/lib/python3.13/contextlib.py", line 162, in __exit__
    self.gen.throw(value)
  File "/Users/mj/workspace/playground/language-agent/.venv/lib/python3.13/site-packages/starlette/_utils.py", line 85, in collapse_excgroups
    raise exc
  File "/Users/mj/workspace/playground/language-agent/.venv/lib/python3.13/site-packages/starlette/middleware/base.py", line 193, in __call__
    response = await self.dispatch_func(request, call_next)
  File "/Users/mj/workspace/playground/language-agent/backend/app/core/middlewares/request_id_middleware.py", line 28, in dispatch
    response = await call_next(request)
  File "/Users/mj/workspace/playground/language-agent/.venv/lib/python3.13/site-packages/starlette/middleware/base.py", line 168, in call_next
    raise app_exc from app_exc.__cause__ or app_exc.__context__
  File "/Users/mj/workspace/playground/language-agent/.venv/lib/python3.13/site-packages/starlette/middleware/base.py", line 144, in coro
    await self.app(scope, receive_or_disconnect, send_no_error)
  File "/Users/mj/workspace/playground/language-agent/.venv/lib/python3.13/site-packages/starlette/middleware/exceptions.py", line 63, in __call__
    await wrap_app_handling_exceptions(self.app, conn)(scope, receive, send)
  File "/Users/mj/workspace/playground/language-agent/.venv/lib/python3.13/site-packages/starlette/_exception_handler.py", line 53, in wrapped_app
    raise exc
  File "/Users/mj/workspace/playground/language-agent/.venv/lib/python3.13/site-packages/starlette/_exception_handler.py", line 42, in wrapped_app
    await app(scope, receive, sender)
  File "/Users/mj/workspace/playground/language-agent/.venv/lib/python3.13/site-packages/fastapi/middleware/asyncexitstack.py", line 18, in __call__
    await self.app(scope, receive, send)
  File "/Users/mj/workspace/playground/language-agent/.venv/lib/python3.13/site-packages/starlette/routing.py", line 716, in __call__
    await self.middleware_stack(scope, receive, send)
  File "/Users/mj/workspace/playground/language-agent/.venv/lib/python3.13/site-packages/starlette/routing.py", line 736, in app
    await route.handle(scope, receive, send)
  File "/Users/mj/workspace/playground/language-agent/.venv/lib/python3.13/site-packages/starlette/routing.py", line 290, in handle
    await self.app(scope, receive, send)
  File "/Users/mj/workspace/playground/language-agent/.venv/lib/python3.13/site-packages/fastapi/routing.py", line 115, in app
    await wrap_app_handling_exceptions(app, request)(scope, receive, send)
  File "/Users/mj/workspace/playground/language-agent/.venv/lib/python3.13/site-packages/starlette/_exception_handler.py", line 53, in wrapped_app
    raise exc
  File "/Users/mj/workspace/playground/language-agent/.venv/lib/python3.13/site-packages/starlette/_exception_handler.py", line 42, in wrapped_app
    await app(scope, receive, sender)
  File "/Users/mj/workspace/playground/language-agent/.venv/lib/python3.13/site-packages/fastapi/routing.py", line 101, in app
    response = await f(request)
  File "/Users/mj/workspace/playground/language-agent/.venv/lib/python3.13/site-packages/fastapi/routing.py", line 355, in app
    raw_response = await run_endpoint_function(
  File "/Users/mj/workspace/playground/language-agent/.venv/lib/python3.13/site-packages/fastapi/routing.py", line 243, in run_endpoint_function
    return await dependant.call(**values)
  File "/Users/mj/workspace/playground/language-agent/backend/app/features/user_profile/api/v1.py", line 26, in get_user_profiles
    return await use_case.execute(offset=offset, limit=limit)
  File "/Users/mj/workspace/playground/language-agent/backend/app/base/usecase/crud.py", line 38, in execute
    return await self.service.get_multi(session, offset=offset, limit=limit, order_by=order_by, where=where)
  File "/Users/mj/workspace/playground/language-agent/backend/app/base/services/basic.py", line 55, in get_multi
    return await self.repo.get_multi(
  File "/Users/mj/workspace/playground/language-agent/backend/app/base/repos/base.py", line 146, in get_multi
    total_count_result = await session.execute(count_stmt)
  File "/Users/mj/workspace/playground/language-agent/.venv/lib/python3.13/site-packages/sqlalchemy/ext/asyncio/session.py", line 449, in execute
    result = await greenlet_spawn(
  File "/Users/mj/workspace/playground/language-agent/.venv/lib/python3.13/site-packages/sqlalchemy/util/_concurrency_py3k.py", line 201, in greenlet_spawn
    result = context.throw(*sys.exc_info())
  File "/Users/mj/workspace/playground/language-agent/.venv/lib/python3.13/site-packages/sqlalchemy/orm/session.py", line 2351, in execute
    return self._execute_internal(
  File "/Users/mj/workspace/playground/language-agent/.venv/lib/python3.13/site-packages/sqlalchemy/orm/session.py", line 2249, in _execute_internal
    result: Result[Any] = compile_state_cls.orm_execute_statement(
  File "/Users/mj/workspace/playground/language-agent/.venv/lib/python3.13/site-packages/sqlalchemy/orm/context.py", line 306, in orm_execute_statement
    result = conn.execute(
  File "/Users/mj/workspace/playground/language-agent/.venv/lib/python3.13/site-packages/sqlalchemy/engine/base.py", line 1419, in execute
    return meth(
  File "/Users/mj/workspace/playground/language-agent/.venv/lib/python3.13/site-packages/sqlalchemy/sql/elements.py", line 527, in _execute_on_connection
    return connection._execute_clauseelement(
  File "/Users/mj/workspace/playground/language-agent/.venv/lib/python3.13/site-packages/sqlalchemy/engine/base.py", line 1641, in _execute_clauseelement
    ret = self._execute_context(
  File "/Users/mj/workspace/playground/language-agent/.venv/lib/python3.13/site-packages/sqlalchemy/engine/base.py", line 1846, in _execute_context
    return self._exec_single_context(
  File "/Users/mj/workspace/playground/language-agent/.venv/lib/python3.13/site-packages/sqlalchemy/engine/base.py", line 1986, in _exec_single_context
    self._handle_dbapi_exception(
  File "/Users/mj/workspace/playground/language-agent/.venv/lib/python3.13/site-packages/sqlalchemy/engine/base.py", line 2363, in _handle_dbapi_exception
    raise sqlalchemy_exception.with_traceback(exc_info[2]) from e
  File "/Users/mj/workspace/playground/language-agent/.venv/lib/python3.13/site-packages/sqlalchemy/engine/base.py", line 1967, in _exec_single_context
    self.dialect.do_execute(
  File "/Users/mj/workspace/playground/language-agent/.venv/lib/python3.13/site-packages/sqlalchemy/engine/default.py", line 952, in do_execute
    cursor.execute(statement, parameters)
  File "/Users/mj/workspace/playground/language-agent/.venv/lib/python3.13/site-packages/sqlalchemy/dialects/sqlite/aiosqlite.py", line 182, in execute
    self._adapt_connection._handle_exception(error)
  File "/Users/mj/workspace/playground/language-agent/.venv/lib/python3.13/site-packages/sqlalchemy/dialects/sqlite/aiosqlite.py", line 342, in _handle_exception
    raise error
  File "/Users/mj/workspace/playground/language-agent/.venv/lib/python3.13/site-packages/sqlalchemy/dialects/sqlite/aiosqlite.py", line 164, in execute
    self.await_(_cursor.execute(operation, parameters))
  File "/Users/mj/workspace/playground/language-agent/.venv/lib/python3.13/site-packages/sqlalchemy/util/_concurrency_py3k.py", line 132, in await_only
    return current.parent.switch(awaitable)  # type: ignore[no-any-return,attr-defined] # noqa: E501
  File "/Users/mj/workspace/playground/language-agent/.venv/lib/python3.13/site-packages/sqlalchemy/util/_concurrency_py3k.py", line 196, in greenlet_spawn
    value = await result
  File "/Users/mj/workspace/playground/language-agent/.venv/lib/python3.13/site-packages/aiosqlite/cursor.py", line 40, in execute
    await self._execute(self._cursor.execute, sql, parameters)
  File "/Users/mj/workspace/playground/language-agent/.venv/lib/python3.13/site-packages/aiosqlite/cursor.py", line 32, in _execute
    return await self._conn._execute(fn, *args, **kwargs)
  File "/Users/mj/workspace/playground/language-agent/.venv/lib/python3.13/site-packages/aiosqlite/core.py", line 160, in _execute
    return await future
  File "/Users/mj/workspace/playground/language-agent/.venv/lib/python3.13/site-packages/aiosqlite/core.py", line 63, in _connection_worker_thread
    result = function()
sqlalchemy.exc.OperationalError: (sqlite3.OperationalError) no such table: user_profile
[SQL: SELECT count(*) AS count_1 
FROM user_profile]
(Background on this error at: https://sqlalche.me/e/20/e3q8)
